{"/media/sandu/0559F5C021740317/GDSE/Project_Zone/VS_Projects/Flutter/training-ramp-up/backend/src/app.ts": {"path":"/media/sandu/0559F5C021740317/GDSE/Project_Zone/VS_Projects/Flutter/training-ramp-up/backend/src/app.ts","statementMap":{"0":{"start":{"line":1,"column":0},"end":{"line":1,"column":32}},"1":{"start":{"line":2,"column":0},"end":{"line":2,"column":9}},"2":{"start":{"line":3,"column":0},"end":{"line":3,"column":30}},"3":{"start":{"line":4,"column":0},"end":{"line":4,"column":30}},"4":{"start":{"line":5,"column":0},"end":{"line":5,"column":56}},"5":{"start":{"line":6,"column":0},"end":{"line":6,"column":24}},"6":{"start":{"line":8,"column":12},"end":{"line":8,"column":21}},"7":{"start":{"line":10,"column":0},"end":{"line":10,"column":16}},"8":{"start":{"line":11,"column":0},"end":{"line":11,"column":24}},"9":{"start":{"line":12,"column":0},"end":{"line":12,"column":21}},"10":{"start":{"line":14,"column":0},"end":{"line":22,"column":5}},"11":{"start":{"line":17,"column":4},"end":{"line":17,"column":46}},"12":{"start":{"line":20,"column":4},"end":{"line":20,"column":51}},"13":{"start":{"line":21,"column":4},"end":{"line":21,"column":23}},"14":{"start":{"line":24,"column":0},"end":{"line":28,"column":3}},"15":{"start":{"line":25,"column":2},"end":{"line":27,"column":4}}},"fnMap":{"0":{"name":"(anonymous_1)","decl":{"start":{"line":16,"column":8},"end":{"line":16,"column":11}},"loc":{"start":{"line":16,"column":13},"end":{"line":18,"column":3}}},"1":{"name":"(anonymous_2)","decl":{"start":{"line":19,"column":9},"end":{"line":19,"column":10}},"loc":{"start":{"line":19,"column":19},"end":{"line":22,"column":3}}},"2":{"name":"(anonymous_3)","decl":{"start":{"line":24,"column":33},"end":{"line":24,"column":36}},"loc":{"start":{"line":24,"column":38},"end":{"line":28,"column":1}}}},"branchMap":{},"s":{"0":0,"1":0,"2":0,"3":0,"4":0,"5":0,"6":0,"7":0,"8":0,"9":0,"10":0,"11":0,"12":0,"13":0,"14":0,"15":0},"f":{"0":0,"1":0,"2":0},"b":{}}
,"/media/sandu/0559F5C021740317/GDSE/Project_Zone/VS_Projects/Flutter/training-ramp-up/backend/src/configs/dataSourceConfig.ts": {"path":"/media/sandu/0559F5C021740317/GDSE/Project_Zone/VS_Projects/Flutter/training-ramp-up/backend/src/configs/dataSourceConfig.ts","statementMap":{"0":{"start":{"line":1,"column":0},"end":{"line":1,"column":32}},"1":{"start":{"line":2,"column":0},"end":{"line":2,"column":9}},"2":{"start":{"line":3,"column":0},"end":{"line":3,"column":37}},"3":{"start":{"line":4,"column":0},"end":{"line":4,"column":50}},"4":{"start":{"line":6,"column":13},"end":{"line":18,"column":3}}},"fnMap":{},"branchMap":{},"s":{"0":2,"1":2,"2":2,"3":2,"4":2},"f":{},"b":{}}
,"/media/sandu/0559F5C021740317/GDSE/Project_Zone/VS_Projects/Flutter/training-ramp-up/backend/src/controllers/student.controller.ts": {"path":"/media/sandu/0559F5C021740317/GDSE/Project_Zone/VS_Projects/Flutter/training-ramp-up/backend/src/controllers/student.controller.ts","statementMap":{"0":{"start":{"line":2,"column":0},"end":{"line":2,"column":null}},"1":{"start":{"line":8,"column":0},"end":{"line":8,"column":51}},"2":{"start":{"line":10,"column":50},"end":{"line":20,"column":2}},"3":{"start":{"line":13,"column":19},"end":{"line":20,"column":2}},"4":{"start":{"line":14,"column":2},"end":{"line":19,"column":null}},"5":{"start":{"line":15,"column":21},"end":{"line":15,"column":43}},"6":{"start":{"line":16,"column":4},"end":{"line":16,"column":35}},"7":{"start":{"line":18,"column":4},"end":{"line":18,"column":32}},"8":{"start":{"line":10,"column":13},"end":{"line":10,"column":50}},"9":{"start":{"line":22,"column":43},"end":{"line":38,"column":2}},"10":{"start":{"line":25,"column":19},"end":{"line":38,"column":2}},"11":{"start":{"line":26,"column":2},"end":{"line":37,"column":null}},"12":{"start":{"line":27,"column":25},"end":{"line":27,"column":46}},"13":{"start":{"line":28,"column":4},"end":{"line":31,"column":null}},"14":{"start":{"line":29,"column":6},"end":{"line":29,"column":41}},"15":{"start":{"line":30,"column":6},"end":{"line":30,"column":13}},"16":{"start":{"line":32,"column":20},"end":{"line":32,"column":47}},"17":{"start":{"line":33,"column":4},"end":{"line":33,"column":34}},"18":{"start":{"line":35,"column":4},"end":{"line":35,"column":23}},"19":{"start":{"line":36,"column":4},"end":{"line":36,"column":32}},"20":{"start":{"line":22,"column":13},"end":{"line":22,"column":43}},"21":{"start":{"line":40,"column":46},"end":{"line":55,"column":2}},"22":{"start":{"line":43,"column":19},"end":{"line":55,"column":2}},"23":{"start":{"line":44,"column":2},"end":{"line":54,"column":null}},"24":{"start":{"line":45,"column":25},"end":{"line":45,"column":46}},"25":{"start":{"line":46,"column":4},"end":{"line":49,"column":null}},"26":{"start":{"line":47,"column":6},"end":{"line":47,"column":41}},"27":{"start":{"line":48,"column":6},"end":{"line":48,"column":13}},"28":{"start":{"line":50,"column":20},"end":{"line":50,"column":64}},"29":{"start":{"line":51,"column":4},"end":{"line":51,"column":34}},"30":{"start":{"line":53,"column":4},"end":{"line":53,"column":32}},"31":{"start":{"line":40,"column":13},"end":{"line":40,"column":46}},"32":{"start":{"line":57,"column":46},"end":{"line":67,"column":2}},"33":{"start":{"line":60,"column":19},"end":{"line":67,"column":2}},"34":{"start":{"line":61,"column":2},"end":{"line":66,"column":null}},"35":{"start":{"line":62,"column":20},"end":{"line":62,"column":54}},"36":{"start":{"line":63,"column":4},"end":{"line":63,"column":34}},"37":{"start":{"line":65,"column":4},"end":{"line":65,"column":32}},"38":{"start":{"line":57,"column":13},"end":{"line":57,"column":46}}},"fnMap":{"0":{"name":"(anonymous_8)","decl":{"start":{"line":10,"column":50},"end":{"line":10,"column":null}},"loc":{"start":{"line":13,"column":19},"end":{"line":20,"column":2}}},"1":{"name":"(anonymous_9)","decl":{"start":{"line":13,"column":19},"end":{"line":13,"column":null}},"loc":{"start":{"line":13,"column":19},"end":{"line":20,"column":1}}},"2":{"name":"(anonymous_10)","decl":{"start":{"line":22,"column":43},"end":{"line":22,"column":null}},"loc":{"start":{"line":25,"column":19},"end":{"line":38,"column":2}}},"3":{"name":"(anonymous_11)","decl":{"start":{"line":25,"column":19},"end":{"line":25,"column":null}},"loc":{"start":{"line":25,"column":19},"end":{"line":38,"column":1}}},"4":{"name":"(anonymous_12)","decl":{"start":{"line":40,"column":46},"end":{"line":40,"column":null}},"loc":{"start":{"line":43,"column":19},"end":{"line":55,"column":2}}},"5":{"name":"(anonymous_13)","decl":{"start":{"line":43,"column":19},"end":{"line":43,"column":null}},"loc":{"start":{"line":43,"column":19},"end":{"line":55,"column":1}}},"6":{"name":"(anonymous_14)","decl":{"start":{"line":57,"column":46},"end":{"line":57,"column":null}},"loc":{"start":{"line":60,"column":19},"end":{"line":67,"column":2}}},"7":{"name":"(anonymous_15)","decl":{"start":{"line":60,"column":19},"end":{"line":60,"column":null}},"loc":{"start":{"line":60,"column":19},"end":{"line":67,"column":1}}}},"branchMap":{"0":{"loc":{"start":{"line":28,"column":4},"end":{"line":31,"column":null}},"type":"if","locations":[{"start":{"line":28,"column":4},"end":{"line":31,"column":null}}]},"1":{"loc":{"start":{"line":46,"column":4},"end":{"line":49,"column":null}},"type":"if","locations":[{"start":{"line":46,"column":4},"end":{"line":49,"column":null}}]}},"s":{"0":0,"1":0,"2":0,"3":0,"4":0,"5":0,"6":0,"7":0,"8":0,"9":0,"10":0,"11":0,"12":0,"13":0,"14":0,"15":0,"16":0,"17":0,"18":0,"19":0,"20":0,"21":0,"22":0,"23":0,"24":0,"25":0,"26":0,"27":0,"28":0,"29":0,"30":0,"31":0,"32":0,"33":0,"34":0,"35":0,"36":0,"37":0,"38":0},"f":{"0":0,"1":0,"2":0,"3":0,"4":0,"5":0,"6":0,"7":0},"b":{"0":[0],"1":[0]}}
,"/media/sandu/0559F5C021740317/GDSE/Project_Zone/VS_Projects/Flutter/training-ramp-up/backend/src/models/student.model.ts": {"path":"/media/sandu/0559F5C021740317/GDSE/Project_Zone/VS_Projects/Flutter/training-ramp-up/backend/src/models/student.model.ts","statementMap":{"0":{"start":{"line":1,"column":0},"end":{"line":1,"column":65}},"1":{"start":{"line":4,"column":20},"end":{"line":22,"column":null}},"2":{"start":{"line":6,"column":2},"end":{"line":6,"column":null}},"3":{"start":{"line":9,"column":2},"end":{"line":9,"column":null}},"4":{"start":{"line":12,"column":2},"end":{"line":12,"column":null}},"5":{"start":{"line":15,"column":2},"end":{"line":15,"column":null}},"6":{"start":{"line":18,"column":2},"end":{"line":18,"column":null}},"7":{"start":{"line":21,"column":2},"end":{"line":21,"column":null}},"8":{"start":{"line":4,"column":13},"end":{"line":22,"column":null}}},"fnMap":{},"branchMap":{},"s":{"0":2,"1":2,"2":2,"3":2,"4":2,"5":2,"6":2,"7":2,"8":2},"f":{},"b":{}}
,"/media/sandu/0559F5C021740317/GDSE/Project_Zone/VS_Projects/Flutter/training-ramp-up/backend/src/routes/index.ts": {"path":"/media/sandu/0559F5C021740317/GDSE/Project_Zone/VS_Projects/Flutter/training-ramp-up/backend/src/routes/index.ts","statementMap":{"0":{"start":{"line":1,"column":0},"end":{"line":1,"column":33}},"1":{"start":{"line":2,"column":0},"end":{"line":2,"column":45}},"2":{"start":{"line":4,"column":15},"end":{"line":4,"column":23}},"3":{"start":{"line":6,"column":18},"end":{"line":6,"column":27}},"4":{"start":{"line":8,"column":0},"end":{"line":8,"column":50}},"5":{"start":{"line":10,"column":0},"end":{"line":10,"column":22}}},"fnMap":{},"branchMap":{},"s":{"0":0,"1":0,"2":0,"3":0,"4":0,"5":0},"f":{},"b":{}}
,"/media/sandu/0559F5C021740317/GDSE/Project_Zone/VS_Projects/Flutter/training-ramp-up/backend/src/routes/student.routes.ts": {"path":"/media/sandu/0559F5C021740317/GDSE/Project_Zone/VS_Projects/Flutter/training-ramp-up/backend/src/routes/student.routes.ts","statementMap":{"0":{"start":{"line":1,"column":0},"end":{"line":1,"column":42}},"1":{"start":{"line":2,"column":0},"end":{"line":2,"column":null}},"2":{"start":{"line":9,"column":23},"end":{"line":9,"column":39}},"3":{"start":{"line":11,"column":0},"end":{"line":11,"column":36}},"4":{"start":{"line":12,"column":0},"end":{"line":12,"column":30}},"5":{"start":{"line":13,"column":0},"end":{"line":13,"column":35}},"6":{"start":{"line":14,"column":0},"end":{"line":14,"column":38}},"7":{"start":{"line":16,"column":0},"end":{"line":16,"column":22}}},"fnMap":{},"branchMap":{},"s":{"0":0,"1":0,"2":0,"3":0,"4":0,"5":0,"6":0,"7":0},"f":{},"b":{}}
,"/media/sandu/0559F5C021740317/GDSE/Project_Zone/VS_Projects/Flutter/training-ramp-up/backend/src/services/student.service.ts": {"path":"/media/sandu/0559F5C021740317/GDSE/Project_Zone/VS_Projects/Flutter/training-ramp-up/backend/src/services/student.service.ts","statementMap":{"0":{"start":{"line":2,"column":0},"end":{"line":2,"column":57}},"1":{"start":{"line":3,"column":0},"end":{"line":3,"column":50}},"2":{"start":{"line":5,"column":30},"end":{"line":15,"column":2}},"3":{"start":{"line":5,"column":66},"end":{"line":15,"column":2}},"4":{"start":{"line":6,"column":2},"end":{"line":14,"column":null}},"5":{"start":{"line":7,"column":37},"end":{"line":10,"column":11}},"6":{"start":{"line":11,"column":4},"end":{"line":11,"column":20}},"7":{"start":{"line":13,"column":4},"end":{"line":13,"column":16}},"8":{"start":{"line":5,"column":13},"end":{"line":5,"column":30}},"9":{"start":{"line":17,"column":27},"end":{"line":24,"column":2}},"10":{"start":{"line":17,"column":77},"end":{"line":24,"column":2}},"11":{"start":{"line":18,"column":2},"end":{"line":23,"column":null}},"12":{"start":{"line":19,"column":25},"end":{"line":19,"column":74}},"13":{"start":{"line":20,"column":4},"end":{"line":20,"column":24}},"14":{"start":{"line":22,"column":4},"end":{"line":22,"column":16}},"15":{"start":{"line":17,"column":13},"end":{"line":17,"column":27}},"16":{"start":{"line":26,"column":29},"end":{"line":40,"column":2}},"17":{"start":{"line":29,"column":27},"end":{"line":40,"column":2}},"18":{"start":{"line":30,"column":2},"end":{"line":39,"column":null}},"19":{"start":{"line":31,"column":27},"end":{"line":34,"column":null}},"20":{"start":{"line":36,"column":4},"end":{"line":36,"column":26}},"21":{"start":{"line":38,"column":4},"end":{"line":38,"column":16}},"22":{"start":{"line":26,"column":13},"end":{"line":26,"column":29}},"23":{"start":{"line":42,"column":29},"end":{"line":49,"column":2}},"24":{"start":{"line":42,"column":73},"end":{"line":49,"column":2}},"25":{"start":{"line":43,"column":2},"end":{"line":48,"column":null}},"26":{"start":{"line":44,"column":27},"end":{"line":44,"column":71}},"27":{"start":{"line":45,"column":4},"end":{"line":45,"column":26}},"28":{"start":{"line":47,"column":4},"end":{"line":47,"column":16}},"29":{"start":{"line":42,"column":13},"end":{"line":42,"column":29}}},"fnMap":{"0":{"name":"(anonymous_7)","decl":{"start":{"line":5,"column":30},"end":{"line":5,"column":64}},"loc":{"start":{"line":5,"column":66},"end":{"line":15,"column":2}}},"1":{"name":"(anonymous_8)","decl":{"start":{"line":5,"column":66},"end":{"line":5,"column":null}},"loc":{"start":{"line":5,"column":66},"end":{"line":15,"column":1}}},"2":{"name":"(anonymous_9)","decl":{"start":{"line":17,"column":27},"end":{"line":17,"column":34}},"loc":{"start":{"line":17,"column":77},"end":{"line":24,"column":2}}},"3":{"name":"(anonymous_10)","decl":{"start":{"line":17,"column":77},"end":{"line":17,"column":null}},"loc":{"start":{"line":17,"column":77},"end":{"line":24,"column":1}}},"4":{"name":"(anonymous_11)","decl":{"start":{"line":26,"column":29},"end":{"line":26,"column":null}},"loc":{"start":{"line":29,"column":27},"end":{"line":40,"column":2}}},"5":{"name":"(anonymous_12)","decl":{"start":{"line":29,"column":27},"end":{"line":29,"column":null}},"loc":{"start":{"line":29,"column":27},"end":{"line":40,"column":1}}},"6":{"name":"(anonymous_13)","decl":{"start":{"line":42,"column":29},"end":{"line":42,"column":36}},"loc":{"start":{"line":42,"column":73},"end":{"line":49,"column":2}}},"7":{"name":"(anonymous_14)","decl":{"start":{"line":42,"column":73},"end":{"line":42,"column":null}},"loc":{"start":{"line":42,"column":73},"end":{"line":49,"column":1}}}},"branchMap":{},"s":{"0":2,"1":2,"2":2,"3":4,"4":4,"5":4,"6":2,"7":2,"8":2,"9":2,"10":4,"11":4,"12":4,"13":2,"14":2,"15":2,"16":2,"17":4,"18":4,"19":4,"20":2,"21":2,"22":2,"23":2,"24":4,"25":4,"26":4,"27":2,"28":2,"29":2},"f":{"0":4,"1":4,"2":4,"3":4,"4":4,"5":4,"6":4,"7":4},"b":{}}
,"/media/sandu/0559F5C021740317/GDSE/Project_Zone/VS_Projects/Flutter/training-ramp-up/backend/src/utils/validation_util.ts": {"path":"/media/sandu/0559F5C021740317/GDSE/Project_Zone/VS_Projects/Flutter/training-ramp-up/backend/src/utils/validation_util.ts","statementMap":{"0":{"start":{"line":3,"column":22},"end":{"line":8,"column":2}},"1":{"start":{"line":10,"column":23},"end":{"line":30,"column":1}},"2":{"start":{"line":11,"column":29},"end":{"line":11,"column":31}},"3":{"start":{"line":13,"column":4},"end":{"line":15,"column":null}},"4":{"start":{"line":14,"column":8},"end":{"line":14,"column":36}},"5":{"start":{"line":16,"column":4},"end":{"line":18,"column":null}},"6":{"start":{"line":17,"column":8},"end":{"line":17,"column":39}},"7":{"start":{"line":19,"column":4},"end":{"line":21,"column":null}},"8":{"start":{"line":20,"column":8},"end":{"line":20,"column":38}},"9":{"start":{"line":22,"column":4},"end":{"line":24,"column":null}},"10":{"start":{"line":23,"column":8},"end":{"line":23,"column":45}},"11":{"start":{"line":25,"column":4},"end":{"line":27,"column":null}},"12":{"start":{"line":26,"column":8},"end":{"line":26,"column":38}},"13":{"start":{"line":29,"column":4},"end":{"line":29,"column":18}},"14":{"start":{"line":32,"column":0},"end":{"line":32,"column":30}}},"fnMap":{"0":{"name":"(anonymous_0)","decl":{"start":{"line":10,"column":23},"end":{"line":10,"column":24}},"loc":{"start":{"line":10,"column":54},"end":{"line":30,"column":1}}}},"branchMap":{"0":{"loc":{"start":{"line":13,"column":4},"end":{"line":15,"column":null}},"type":"if","locations":[{"start":{"line":13,"column":4},"end":{"line":15,"column":null}}]},"1":{"loc":{"start":{"line":16,"column":4},"end":{"line":18,"column":null}},"type":"if","locations":[{"start":{"line":16,"column":4},"end":{"line":18,"column":null}}]},"2":{"loc":{"start":{"line":19,"column":4},"end":{"line":21,"column":null}},"type":"if","locations":[{"start":{"line":19,"column":4},"end":{"line":21,"column":null}}]},"3":{"loc":{"start":{"line":22,"column":4},"end":{"line":24,"column":null}},"type":"if","locations":[{"start":{"line":22,"column":4},"end":{"line":24,"column":null}}]},"4":{"loc":{"start":{"line":25,"column":4},"end":{"line":27,"column":null}},"type":"if","locations":[{"start":{"line":25,"column":4},"end":{"line":27,"column":null}}]}},"s":{"0":0,"1":0,"2":0,"3":0,"4":0,"5":0,"6":0,"7":0,"8":0,"9":0,"10":0,"11":0,"12":0,"13":0,"14":0},"f":{"0":0},"b":{"0":[0],"1":[0],"2":[0],"3":[0],"4":[0]}}
}
