TN:
SF:src/app.ts
FN:16,(anonymous_1)
FN:19,(anonymous_2)
FN:24,(anonymous_3)
FNF:3
FNH:0
FNDA:0,(anonymous_1)
FNDA:0,(anonymous_2)
FNDA:0,(anonymous_3)
DA:1,0
DA:2,0
DA:3,0
DA:4,0
DA:5,0
DA:6,0
DA:8,0
DA:10,0
DA:11,0
DA:12,0
DA:14,0
DA:17,0
DA:20,0
DA:21,0
DA:24,0
DA:25,0
LF:16
LH:0
BRF:0
BRH:0
end_of_record
TN:
SF:src/configs/dataSourceConfig.ts
FNF:0
FNH:0
DA:1,2
DA:2,2
DA:3,2
DA:4,2
DA:6,2
LF:5
LH:5
BRF:0
BRH:0
end_of_record
TN:
SF:src/controllers/student.controller.ts
FN:10,(anonymous_8)
FN:13,(anonymous_9)
FN:22,(anonymous_10)
FN:25,(anonymous_11)
FN:40,(anonymous_12)
FN:43,(anonymous_13)
FN:57,(anonymous_14)
FN:60,(anonymous_15)
FNF:8
FNH:0
FNDA:0,(anonymous_8)
FNDA:0,(anonymous_9)
FNDA:0,(anonymous_10)
FNDA:0,(anonymous_11)
FNDA:0,(anonymous_12)
FNDA:0,(anonymous_13)
FNDA:0,(anonymous_14)
FNDA:0,(anonymous_15)
DA:2,0
DA:8,0
DA:10,0
DA:13,0
DA:14,0
DA:15,0
DA:16,0
DA:18,0
DA:22,0
DA:25,0
DA:26,0
DA:27,0
DA:28,0
DA:29,0
DA:30,0
DA:32,0
DA:33,0
DA:35,0
DA:36,0
DA:40,0
DA:43,0
DA:44,0
DA:45,0
DA:46,0
DA:47,0
DA:48,0
DA:50,0
DA:51,0
DA:53,0
DA:57,0
DA:60,0
DA:61,0
DA:62,0
DA:63,0
DA:65,0
LF:35
LH:0
BRDA:28,0,0,0
BRDA:46,1,0,0
BRF:2
BRH:0
end_of_record
TN:
SF:src/models/student.model.ts
FNF:0
FNH:0
DA:1,2
DA:4,2
DA:6,2
DA:9,2
DA:12,2
DA:15,2
DA:18,2
DA:21,2
LF:8
LH:8
BRF:0
BRH:0
end_of_record
TN:
SF:src/routes/index.ts
FNF:0
FNH:0
DA:1,0
DA:2,0
DA:4,0
DA:6,0
DA:8,0
DA:10,0
LF:6
LH:0
BRF:0
BRH:0
end_of_record
TN:
SF:src/routes/student.routes.ts
FNF:0
FNH:0
DA:1,0
DA:2,0
DA:9,0
DA:11,0
DA:12,0
DA:13,0
DA:14,0
DA:16,0
LF:8
LH:0
BRF:0
BRH:0
end_of_record
TN:
SF:src/services/student.service.ts
FN:5,(anonymous_7)
FN:5,(anonymous_8)
FN:17,(anonymous_9)
FN:17,(anonymous_10)
FN:26,(anonymous_11)
FN:29,(anonymous_12)
FN:42,(anonymous_13)
FN:42,(anonymous_14)
FNF:8
FNH:8
FNDA:4,(anonymous_7)
FNDA:4,(anonymous_8)
FNDA:4,(anonymous_9)
FNDA:4,(anonymous_10)
FNDA:4,(anonymous_11)
FNDA:4,(anonymous_12)
FNDA:4,(anonymous_13)
FNDA:4,(anonymous_14)
DA:2,2
DA:3,2
DA:5,4
DA:6,4
DA:7,4
DA:11,2
DA:13,2
DA:17,4
DA:18,4
DA:19,4
DA:20,2
DA:22,2
DA:26,2
DA:29,4
DA:30,4
DA:31,4
DA:36,2
DA:38,2
DA:42,4
DA:43,4
DA:44,4
DA:45,2
DA:47,2
LF:23
LH:23
BRF:0
BRH:0
end_of_record
TN:
SF:src/utils/validation_util.ts
FN:10,(anonymous_0)
FNF:1
FNH:0
FNDA:0,(anonymous_0)
DA:3,0
DA:10,0
DA:11,0
DA:13,0
DA:14,0
DA:16,0
DA:17,0
DA:19,0
DA:20,0
DA:22,0
DA:23,0
DA:25,0
DA:26,0
DA:29,0
DA:32,0
LF:15
LH:0
BRDA:13,0,0,0
BRDA:16,1,0,0
BRDA:19,2,0,0
BRDA:22,3,0,0
BRDA:25,4,0,0
BRF:5
BRH:0
end_of_record
