{"D:\\FCode_Labs - Projects\\2nd\\training-ramp-up\\back_end\\src\\app.ts": {"path":"D:\\FCode_Labs - Projects\\2nd\\training-ramp-up\\back_end\\src\\app.ts","statementMap":{"0":{"start":{"line":1,"column":0},"end":{"line":1,"column":52}},"1":{"start":{"line":2,"column":0},"end":{"line":2,"column":30}},"2":{"start":{"line":3,"column":0},"end":{"line":3,"column":24}},"3":{"start":{"line":4,"column":0},"end":{"line":4,"column":60}},"4":{"start":{"line":5,"column":0},"end":{"line":5,"column":28}},"5":{"start":{"line":7,"column":0},"end":{"line":7,"column":16}},"6":{"start":{"line":9,"column":12},"end":{"line":9,"column":21}},"7":{"start":{"line":11,"column":0},"end":{"line":11,"column":16}},"8":{"start":{"line":12,"column":0},"end":{"line":12,"column":40}},"9":{"start":{"line":13,"column":0},"end":{"line":13,"column":27}},"10":{"start":{"line":14,"column":0},"end":{"line":14,"column":16}},"11":{"start":{"line":16,"column":0},"end":{"line":23,"column":5}},"12":{"start":{"line":19,"column":4},"end":{"line":19,"column":46}},"13":{"start":{"line":22,"column":4},"end":{"line":22,"column":67}},"14":{"start":{"line":25,"column":0},"end":{"line":29,"column":3}},"15":{"start":{"line":26,"column":2},"end":{"line":28,"column":4}}},"fnMap":{"0":{"name":"(anonymous_7)","decl":{"start":{"line":18,"column":8},"end":{"line":18,"column":11}},"loc":{"start":{"line":18,"column":13},"end":{"line":20,"column":3}}},"1":{"name":"(anonymous_8)","decl":{"start":{"line":21,"column":9},"end":{"line":21,"column":12}},"loc":{"start":{"line":21,"column":15},"end":{"line":23,"column":3}}},"2":{"name":"(anonymous_9)","decl":{"start":{"line":25,"column":29},"end":{"line":25,"column":32}},"loc":{"start":{"line":25,"column":34},"end":{"line":29,"column":1}}}},"branchMap":{},"s":{"0":0,"1":0,"2":0,"3":0,"4":0,"5":0,"6":0,"7":0,"8":0,"9":0,"10":0,"11":0,"12":0,"13":0,"14":0,"15":0},"f":{"0":0,"1":0,"2":0},"b":{}}
,"D:\\FCode_Labs - Projects\\2nd\\training-ramp-up\\back_end\\src\\configs\\datasource.config.ts": {"path":"D:\\FCode_Labs - Projects\\2nd\\training-ramp-up\\back_end\\src\\configs\\datasource.config.ts","statementMap":{"0":{"start":{"line":1,"column":0},"end":{"line":1,"column":28}},"1":{"start":{"line":2,"column":0},"end":{"line":2,"column":16}},"2":{"start":{"line":3,"column":0},"end":{"line":3,"column":37}},"3":{"start":{"line":5,"column":13},"end":{"line":15,"column":3}}},"fnMap":{},"branchMap":{},"s":{"0":2,"1":2,"2":2,"3":2},"f":{},"b":{}}
,"D:\\FCode_Labs - Projects\\2nd\\training-ramp-up\\back_end\\src\\controllers\\student.controller.ts": {"path":"D:\\FCode_Labs - Projects\\2nd\\training-ramp-up\\back_end\\src\\controllers\\student.controller.ts","statementMap":{"0":{"start":{"line":2,"column":0},"end":{"line":2,"column":null}},"1":{"start":{"line":9,"column":53},"end":{"line":24,"column":2}},"2":{"start":{"line":12,"column":23},"end":{"line":24,"column":2}},"3":{"start":{"line":13,"column":2},"end":{"line":23,"column":null}},"4":{"start":{"line":14,"column":21},"end":{"line":14,"column":43}},"5":{"start":{"line":15,"column":4},"end":{"line":18,"column":7}},"6":{"start":{"line":20,"column":4},"end":{"line":22,"column":61}},"7":{"start":{"line":9,"column":13},"end":{"line":9,"column":53}},"8":{"start":{"line":26,"column":52},"end":{"line":40,"column":2}},"9":{"start":{"line":29,"column":23},"end":{"line":40,"column":2}},"10":{"start":{"line":30,"column":22},"end":{"line":30,"column":30}},"11":{"start":{"line":31,"column":2},"end":{"line":39,"column":null}},"12":{"start":{"line":32,"column":23},"end":{"line":32,"column":55}},"13":{"start":{"line":33,"column":4},"end":{"line":36,"column":7}},"14":{"start":{"line":38,"column":4},"end":{"line":38,"column":78}},"15":{"start":{"line":26,"column":13},"end":{"line":26,"column":52}},"16":{"start":{"line":42,"column":52},"end":{"line":60,"column":2}},"17":{"start":{"line":45,"column":23},"end":{"line":60,"column":2}},"18":{"start":{"line":46,"column":17},"end":{"line":46,"column":27}},"19":{"start":{"line":47,"column":22},"end":{"line":47,"column":30}},"20":{"start":{"line":48,"column":2},"end":{"line":59,"column":null}},"21":{"start":{"line":49,"column":27},"end":{"line":49,"column":63}},"22":{"start":{"line":50,"column":4},"end":{"line":52,"column":null}},"23":{"start":{"line":51,"column":6},"end":{"line":51,"column":68}},"24":{"start":{"line":53,"column":4},"end":{"line":56,"column":7}},"25":{"start":{"line":58,"column":4},"end":{"line":58,"column":78}},"26":{"start":{"line":42,"column":13},"end":{"line":42,"column":52}},"27":{"start":{"line":62,"column":52},"end":{"line":79,"column":2}},"28":{"start":{"line":65,"column":23},"end":{"line":79,"column":2}},"29":{"start":{"line":66,"column":17},"end":{"line":66,"column":27}},"30":{"start":{"line":67,"column":2},"end":{"line":78,"column":null}},"31":{"start":{"line":68,"column":27},"end":{"line":68,"column":50}},"32":{"start":{"line":69,"column":4},"end":{"line":71,"column":null}},"33":{"start":{"line":70,"column":6},"end":{"line":70,"column":68}},"34":{"start":{"line":72,"column":4},"end":{"line":75,"column":7}},"35":{"start":{"line":77,"column":4},"end":{"line":77,"column":78}},"36":{"start":{"line":62,"column":13},"end":{"line":62,"column":52}}},"fnMap":{"0":{"name":"(anonymous_7)","decl":{"start":{"line":9,"column":53},"end":{"line":9,"column":null}},"loc":{"start":{"line":12,"column":23},"end":{"line":24,"column":2}}},"1":{"name":"(anonymous_8)","decl":{"start":{"line":12,"column":23},"end":{"line":12,"column":null}},"loc":{"start":{"line":12,"column":23},"end":{"line":24,"column":1}}},"2":{"name":"(anonymous_9)","decl":{"start":{"line":26,"column":52},"end":{"line":26,"column":null}},"loc":{"start":{"line":29,"column":23},"end":{"line":40,"column":2}}},"3":{"name":"(anonymous_10)","decl":{"start":{"line":29,"column":23},"end":{"line":29,"column":null}},"loc":{"start":{"line":29,"column":23},"end":{"line":40,"column":1}}},"4":{"name":"(anonymous_11)","decl":{"start":{"line":42,"column":52},"end":{"line":42,"column":null}},"loc":{"start":{"line":45,"column":23},"end":{"line":60,"column":2}}},"5":{"name":"(anonymous_12)","decl":{"start":{"line":45,"column":23},"end":{"line":45,"column":null}},"loc":{"start":{"line":45,"column":23},"end":{"line":60,"column":1}}},"6":{"name":"(anonymous_13)","decl":{"start":{"line":62,"column":52},"end":{"line":62,"column":null}},"loc":{"start":{"line":65,"column":23},"end":{"line":79,"column":2}}},"7":{"name":"(anonymous_14)","decl":{"start":{"line":65,"column":23},"end":{"line":65,"column":null}},"loc":{"start":{"line":65,"column":23},"end":{"line":79,"column":1}}}},"branchMap":{"0":{"loc":{"start":{"line":50,"column":4},"end":{"line":52,"column":null}},"type":"if","locations":[{"start":{"line":50,"column":4},"end":{"line":52,"column":null}}]},"1":{"loc":{"start":{"line":69,"column":4},"end":{"line":71,"column":null}},"type":"if","locations":[{"start":{"line":69,"column":4},"end":{"line":71,"column":null}}]}},"s":{"0":0,"1":0,"2":0,"3":0,"4":0,"5":0,"6":0,"7":0,"8":0,"9":0,"10":0,"11":0,"12":0,"13":0,"14":0,"15":0,"16":0,"17":0,"18":0,"19":0,"20":0,"21":0,"22":0,"23":0,"24":0,"25":0,"26":0,"27":0,"28":0,"29":0,"30":0,"31":0,"32":0,"33":0,"34":0,"35":0,"36":0},"f":{"0":0,"1":0,"2":0,"3":0,"4":0,"5":0,"6":0,"7":0},"b":{"0":[0],"1":[0]}}
,"D:\\FCode_Labs - Projects\\2nd\\training-ramp-up\\back_end\\src\\models\\student.models.ts": {"path":"D:\\FCode_Labs - Projects\\2nd\\training-ramp-up\\back_end\\src\\models\\student.models.ts","statementMap":{"0":{"start":{"line":1,"column":0},"end":{"line":1,"column":null}},"1":{"start":{"line":9,"column":20},"end":{"line":42,"column":null}},"2":{"start":{"line":36,"column":4},"end":{"line":36,"column":21}},"3":{"start":{"line":37,"column":4},"end":{"line":37,"column":27}},"4":{"start":{"line":38,"column":4},"end":{"line":38,"column":37}},"5":{"start":{"line":39,"column":4},"end":{"line":39,"column":19}},"6":{"start":{"line":40,"column":4},"end":{"line":40,"column":25}},"7":{"start":{"line":11,"column":2},"end":{"line":11,"column":null}},"8":{"start":{"line":14,"column":2},"end":{"line":14,"column":null}},"9":{"start":{"line":17,"column":2},"end":{"line":17,"column":null}},"10":{"start":{"line":20,"column":2},"end":{"line":20,"column":null}},"11":{"start":{"line":23,"column":2},"end":{"line":23,"column":null}},"12":{"start":{"line":26,"column":2},"end":{"line":26,"column":null}},"13":{"start":{"line":9,"column":13},"end":{"line":42,"column":null}}},"fnMap":{"0":{"name":"(anonymous_2)","decl":{"start":{"line":28,"column":2},"end":{"line":28,"column":null}},"loc":{"start":{"line":34,"column":18},"end":{"line":41,"column":3}}}},"branchMap":{},"s":{"0":2,"1":2,"2":0,"3":0,"4":0,"5":0,"6":0,"7":2,"8":2,"9":2,"10":2,"11":2,"12":2,"13":2},"f":{"0":0},"b":{}}
,"D:\\FCode_Labs - Projects\\2nd\\training-ramp-up\\back_end\\src\\routes\\index.ts": {"path":"D:\\FCode_Labs - Projects\\2nd\\training-ramp-up\\back_end\\src\\routes\\index.ts","statementMap":{"0":{"start":{"line":1,"column":0},"end":{"line":1,"column":30}},"1":{"start":{"line":2,"column":0},"end":{"line":2,"column":45}},"2":{"start":{"line":4,"column":15},"end":{"line":4,"column":31}},"3":{"start":{"line":6,"column":0},"end":{"line":6,"column":39}},"4":{"start":{"line":8,"column":0},"end":{"line":8,"column":22}}},"fnMap":{},"branchMap":{},"s":{"0":0,"1":0,"2":0,"3":0,"4":0},"f":{},"b":{}}
,"D:\\FCode_Labs - Projects\\2nd\\training-ramp-up\\back_end\\src\\routes\\student.routes.ts": {"path":"D:\\FCode_Labs - Projects\\2nd\\training-ramp-up\\back_end\\src\\routes\\student.routes.ts","statementMap":{"0":{"start":{"line":1,"column":0},"end":{"line":1,"column":30}},"1":{"start":{"line":2,"column":0},"end":{"line":2,"column":null}},"2":{"start":{"line":9,"column":15},"end":{"line":9,"column":31}},"3":{"start":{"line":11,"column":0},"end":{"line":11,"column":39}},"4":{"start":{"line":12,"column":0},"end":{"line":12,"column":39}},"5":{"start":{"line":13,"column":0},"end":{"line":13,"column":41}},"6":{"start":{"line":14,"column":0},"end":{"line":14,"column":44}},"7":{"start":{"line":16,"column":0},"end":{"line":16,"column":22}}},"fnMap":{},"branchMap":{},"s":{"0":0,"1":0,"2":0,"3":0,"4":0,"5":0,"6":0,"7":0},"f":{},"b":{}}
,"D:\\FCode_Labs - Projects\\2nd\\training-ramp-up\\back_end\\src\\services\\student.service.ts": {"path":"D:\\FCode_Labs - Projects\\2nd\\training-ramp-up\\back_end\\src\\services\\student.service.ts","statementMap":{"0":{"start":{"line":2,"column":0},"end":{"line":2,"column":61}},"1":{"start":{"line":3,"column":0},"end":{"line":3,"column":51}},"2":{"start":{"line":5,"column":30},"end":{"line":14,"column":2}},"3":{"start":{"line":5,"column":66},"end":{"line":14,"column":2}},"4":{"start":{"line":6,"column":2},"end":{"line":13,"column":null}},"5":{"start":{"line":7,"column":37},"end":{"line":9,"column":38}},"6":{"start":{"line":10,"column":4},"end":{"line":10,"column":20}},"7":{"start":{"line":12,"column":4},"end":{"line":12,"column":16}},"8":{"start":{"line":5,"column":13},"end":{"line":5,"column":30}},"9":{"start":{"line":16,"column":29},"end":{"line":27,"column":2}},"10":{"start":{"line":18,"column":27},"end":{"line":27,"column":2}},"11":{"start":{"line":19,"column":2},"end":{"line":26,"column":null}},"12":{"start":{"line":20,"column":37},"end":{"line":22,"column":26}},"13":{"start":{"line":23,"column":4},"end":{"line":23,"column":22}},"14":{"start":{"line":25,"column":4},"end":{"line":25,"column":16}},"15":{"start":{"line":16,"column":13},"end":{"line":16,"column":29}},"16":{"start":{"line":29,"column":29},"end":{"line":41,"column":2}},"17":{"start":{"line":32,"column":27},"end":{"line":41,"column":2}},"18":{"start":{"line":33,"column":2},"end":{"line":40,"column":null}},"19":{"start":{"line":34,"column":41},"end":{"line":36,"column":30}},"20":{"start":{"line":37,"column":4},"end":{"line":37,"column":26}},"21":{"start":{"line":39,"column":4},"end":{"line":39,"column":16}},"22":{"start":{"line":29,"column":13},"end":{"line":29,"column":29}},"23":{"start":{"line":43,"column":29},"end":{"line":52,"column":2}},"24":{"start":{"line":43,"column":73},"end":{"line":52,"column":2}},"25":{"start":{"line":44,"column":2},"end":{"line":51,"column":null}},"26":{"start":{"line":45,"column":40},"end":{"line":47,"column":17}},"27":{"start":{"line":48,"column":4},"end":{"line":48,"column":25}},"28":{"start":{"line":50,"column":4},"end":{"line":50,"column":16}},"29":{"start":{"line":43,"column":13},"end":{"line":43,"column":29}}},"fnMap":{"0":{"name":"(anonymous_7)","decl":{"start":{"line":5,"column":30},"end":{"line":5,"column":64}},"loc":{"start":{"line":5,"column":66},"end":{"line":14,"column":2}}},"1":{"name":"(anonymous_8)","decl":{"start":{"line":5,"column":66},"end":{"line":5,"column":null}},"loc":{"start":{"line":5,"column":66},"end":{"line":14,"column":1}}},"2":{"name":"(anonymous_9)","decl":{"start":{"line":16,"column":29},"end":{"line":16,"column":null}},"loc":{"start":{"line":18,"column":27},"end":{"line":27,"column":2}}},"3":{"name":"(anonymous_10)","decl":{"start":{"line":18,"column":27},"end":{"line":18,"column":null}},"loc":{"start":{"line":18,"column":27},"end":{"line":27,"column":1}}},"4":{"name":"(anonymous_11)","decl":{"start":{"line":29,"column":29},"end":{"line":29,"column":null}},"loc":{"start":{"line":32,"column":27},"end":{"line":41,"column":2}}},"5":{"name":"(anonymous_12)","decl":{"start":{"line":32,"column":27},"end":{"line":32,"column":null}},"loc":{"start":{"line":32,"column":27},"end":{"line":41,"column":1}}},"6":{"name":"(anonymous_13)","decl":{"start":{"line":43,"column":29},"end":{"line":43,"column":36}},"loc":{"start":{"line":43,"column":73},"end":{"line":52,"column":2}}},"7":{"name":"(anonymous_14)","decl":{"start":{"line":43,"column":73},"end":{"line":43,"column":null}},"loc":{"start":{"line":43,"column":73},"end":{"line":52,"column":1}}}},"branchMap":{},"s":{"0":2,"1":2,"2":2,"3":4,"4":4,"5":4,"6":2,"7":2,"8":2,"9":2,"10":4,"11":4,"12":4,"13":2,"14":2,"15":2,"16":2,"17":4,"18":4,"19":4,"20":2,"21":2,"22":2,"23":2,"24":4,"25":4,"26":4,"27":2,"28":2,"29":2},"f":{"0":4,"1":4,"2":4,"3":4,"4":4,"5":4,"6":4,"7":4},"b":{}}
}
