TN:
SF:src\app.ts
FN:18,(anonymous_7)
FN:21,(anonymous_8)
FN:25,(anonymous_9)
FNF:3
FNH:0
FNDA:0,(anonymous_7)
FNDA:0,(anonymous_8)
FNDA:0,(anonymous_9)
DA:1,0
DA:2,0
DA:3,0
DA:4,0
DA:5,0
DA:7,0
DA:9,0
DA:11,0
DA:12,0
DA:13,0
DA:14,0
DA:16,0
DA:19,0
DA:22,0
DA:25,0
DA:26,0
LF:16
LH:0
BRF:0
BRH:0
end_of_record
TN:
SF:src\configs\datasource.config.ts
FNF:0
FNH:0
DA:1,2
DA:2,2
DA:3,2
DA:5,2
LF:4
LH:4
BRF:0
BRH:0
end_of_record
TN:
SF:src\controllers\student.controller.ts
FN:9,(anonymous_7)
FN:12,(anonymous_8)
FN:26,(anonymous_9)
FN:29,(anonymous_10)
FN:42,(anonymous_11)
FN:45,(anonymous_12)
FN:62,(anonymous_13)
FN:65,(anonymous_14)
FNF:8
FNH:0
FNDA:0,(anonymous_7)
FNDA:0,(anonymous_8)
FNDA:0,(anonymous_9)
FNDA:0,(anonymous_10)
FNDA:0,(anonymous_11)
FNDA:0,(anonymous_12)
FNDA:0,(anonymous_13)
FNDA:0,(anonymous_14)
DA:2,0
DA:9,0
DA:12,0
DA:13,0
DA:14,0
DA:15,0
DA:20,0
DA:26,0
DA:29,0
DA:30,0
DA:31,0
DA:32,0
DA:33,0
DA:38,0
DA:42,0
DA:45,0
DA:46,0
DA:47,0
DA:48,0
DA:49,0
DA:50,0
DA:51,0
DA:53,0
DA:58,0
DA:62,0
DA:65,0
DA:66,0
DA:67,0
DA:68,0
DA:69,0
DA:70,0
DA:72,0
DA:77,0
LF:33
LH:0
BRDA:50,0,0,0
BRDA:69,1,0,0
BRF:2
BRH:0
end_of_record
TN:
SF:src\models\student.models.ts
FN:28,(anonymous_2)
FNF:1
FNH:0
FNDA:0,(anonymous_2)
DA:1,2
DA:9,2
DA:11,2
DA:14,2
DA:17,2
DA:20,2
DA:23,2
DA:26,2
DA:36,0
DA:37,0
DA:38,0
DA:39,0
DA:40,0
LF:13
LH:8
BRF:0
BRH:0
end_of_record
TN:
SF:src\routes\index.ts
FNF:0
FNH:0
DA:1,0
DA:2,0
DA:4,0
DA:6,0
DA:8,0
LF:5
LH:0
BRF:0
BRH:0
end_of_record
TN:
SF:src\routes\student.routes.ts
FNF:0
FNH:0
DA:1,0
DA:2,0
DA:9,0
DA:11,0
DA:12,0
DA:13,0
DA:14,0
DA:16,0
LF:8
LH:0
BRF:0
BRH:0
end_of_record
TN:
SF:src\services\student.service.ts
FN:5,(anonymous_7)
FN:5,(anonymous_8)
FN:16,(anonymous_9)
FN:18,(anonymous_10)
FN:29,(anonymous_11)
FN:32,(anonymous_12)
FN:43,(anonymous_13)
FN:43,(anonymous_14)
FNF:8
FNH:8
FNDA:4,(anonymous_7)
FNDA:4,(anonymous_8)
FNDA:4,(anonymous_9)
FNDA:4,(anonymous_10)
FNDA:4,(anonymous_11)
FNDA:4,(anonymous_12)
FNDA:4,(anonymous_13)
FNDA:4,(anonymous_14)
DA:2,2
DA:3,2
DA:5,4
DA:6,4
DA:7,4
DA:10,2
DA:12,2
DA:16,2
DA:18,4
DA:19,4
DA:20,4
DA:23,2
DA:25,2
DA:29,2
DA:32,4
DA:33,4
DA:34,4
DA:37,2
DA:39,2
DA:43,4
DA:44,4
DA:45,4
DA:48,2
DA:50,2
LF:24
LH:24
BRF:0
BRH:0
end_of_record
